#
# There is insufficient memory for the Java Runtime Environment to continue.
# Native memory allocation (malloc) failed to allocate 1048576 bytes for AllocateHeap
# Possible reasons:
#   The system is out of physical RAM or swap space
#   In 32 bit mode, the process size limit was hit
# Possible solutions:
#   Reduce memory load on the system
#   Increase physical memory or swap space
#   Check if swap backing store is full
#   Use 64 bit Java on a 64 bit OS
#   Decrease Java heap size (-Xmx/-Xms)
#   Decrease number of Java threads
#   Decrease Java thread stack sizes (-Xss)
#   Set larger code cache with -XX:ReservedCodeCacheSize=
# This output file may be truncated or incomplete.
#
#  Out of Memory Error (memory/allocation.inline.hpp:61), pid=2936, tid=6700
#
# JRE version:  (7.0_80-b15) (build )
# Java VM: Java HotSpot(TM) 64-Bit Server VM (24.80-b11 mixed mode windows-amd64 compressed oops)
# Failed to write core dump. Minidumps are not enabled by default on client versions of Windows
#

---------------  T H R E A D  ---------------

Current thread (0x0000000002ff0800):  JavaThread "Unknown thread" [_thread_in_vm, id=6700, stack(0x0000000002e80000,0x0000000002f80000)]

Stack: [0x0000000002e80000,0x0000000002f80000]
[error occurred during error reporting (printing stack bounds), id 0xc0000005]


---------------  P R O C E S S  ---------------

Java Threads: ( => current thread )

Other Threads:

=>0x0000000002ff0800 (exited) JavaThread "Unknown thread" [_thread_in_vm, id=6700, stack(0x0000000002e80000,0x0000000002f80000)]

VM state:not at safepoint (normal execution)

VM Mutex/Monitor currently owned by a thread: None

Heap
 PSYoungGen      total 18944K, used 327K [0x00000000eb400000, 0x00000000ec900000, 0x0000000100000000)
  eden space 16384K, 2% used [0x00000000eb400000,0x00000000eb451f10,0x00000000ec400000)
  from space 2560K, 0% used [0x00000000ec680000,0x00000000ec680000,0x00000000ec900000)
  to   space 2560K, 0% used [0x00000000ec400000,0x00000000ec400000,0x00000000ec680000)
 ParOldGen       total 42496K, used 0K [0x00000000c1c00000, 0x00000000c4580000, 0x00000000eb400000)
  object space 42496K, 0% used [0x00000000c1c00000,0x00000000c1c00000,0x00000000c4580000)
 PSPermGen       total 21504K, used 697K [0x00000000bca00000, 0x00000000bdf00000, 0x00000000c1c00000)
  object space 21504K, 3% used [0x00000000bca00000,0x00000000bcaae5c8,0x00000000bdf00000)

Card table byte_map: [0x0000000006270000,0x0000000006490000] byte_map_base: 0x0000000005c8b000

Polling page: 0x0000000001750000

Code Cache  [0x00000000031b0000, 0x0000000003420000, 0x00000000061b0000)
 total_blobs=38 nmethods=0 adapters=20 free_code_cache=48889Kb largest_free_block=50062528

Compilation events (0 events):
No events

GC Heap History (0 events):
No events

Deoptimization events (0 events):
No events

Internal exceptions (0 events):
No events

Events (10 events):
Event: 0.097 loading class 0x000000000303f7b0
Event: 0.097 loading class 0x000000000303f7b0 done
Event: 0.097 loading class 0x000000000303f800
Event: 0.098 loading class 0x000000000303f800 done
Event: 0.098 loading class 0x000000000303f850
Event: 0.098 loading class 0x000000000303f850 done
Event: 0.099 loading class 0x00000000030405d0
Event: 0.099 loading class 0x00000000030405d0 done
Event: 0.099 loading class 0x00000000030401f0
Event: 0.099 loading class 0x00000000030401f0 done


Dynamic libraries:
0x00007ff6f5fe0000 - 0x00007ff6f6013000 	C:\Program Files\Java\jdk1.7.0_80\bin\java.exe
0x00007ffc3fd40000 - 0x00007ffc3ff21000 	C:\WINDOWS\SYSTEM32\ntdll.dll
0x00007ffc11d80000 - 0x00007ffc11d92000 	C:\Program Files\AVAST Software\Avast\aswhook.dll
0x00007ffc3f580000 - 0x00007ffc3f632000 	C:\WINDOWS\System32\KERNEL32.DLL
0x00007ffc3cf50000 - 0x00007ffc3d1c3000 	C:\WINDOWS\System32\KERNELBASE.dll
0x00007ffc3fb20000 - 0x00007ffc3fbc1000 	C:\WINDOWS\System32\ADVAPI32.dll
0x00007ffc3f9e0000 - 0x00007ffc3fa7e000 	C:\WINDOWS\System32\msvcrt.dll
0x00007ffc3f3a0000 - 0x00007ffc3f3fb000 	C:\WINDOWS\System32\sechost.dll
0x00007ffc3f6c0000 - 0x00007ffc3f7e4000 	C:\WINDOWS\System32\RPCRT4.dll
0x00007ffc3f850000 - 0x00007ffc3f9e0000 	C:\WINDOWS\System32\USER32.dll
0x00007ffc3c8d0000 - 0x00007ffc3c8f0000 	C:\WINDOWS\System32\win32u.dll
0x00007ffc3fae0000 - 0x00007ffc3fb08000 	C:\WINDOWS\System32\GDI32.dll
0x00007ffc3c8f0000 - 0x00007ffc3ca82000 	C:\WINDOWS\System32\gdi32full.dll
0x00007ffc3cb90000 - 0x00007ffc3cc2f000 	C:\WINDOWS\System32\msvcp_win.dll
0x00007ffc3ca90000 - 0x00007ffc3cb8a000 	C:\WINDOWS\System32\ucrtbase.dll
0x00007ffc308a0000 - 0x00007ffc30b09000 	C:\WINDOWS\WinSxS\amd64_microsoft.windows.common-controls_6595b64144ccf1df_6.0.17134.112_none_fb3f961b30681c12\COMCTL32.dll
0x00007ffc3d250000 - 0x00007ffc3d573000 	C:\WINDOWS\System32\combase.dll
0x00007ffc3cc90000 - 0x00007ffc3cd0a000 	C:\WINDOWS\System32\bcryptPrimitives.dll
0x00007ffc3fbd0000 - 0x00007ffc3fbfd000 	C:\WINDOWS\System32\IMM32.DLL
0x0000000066190000 - 0x0000000066262000 	C:\Program Files\Java\jdk1.7.0_80\jre\bin\msvcr100.dll
0x0000000066270000 - 0x0000000066a49000 	C:\Program Files\Java\jdk1.7.0_80\jre\bin\server\jvm.dll
0x00007ffc3fc00000 - 0x00007ffc3fc08000 	C:\WINDOWS\System32\PSAPI.DLL
0x00007ffc27cd0000 - 0x00007ffc27cd9000 	C:\WINDOWS\SYSTEM32\WSOCK32.dll
0x00007ffc3f650000 - 0x00007ffc3f6bc000 	C:\WINDOWS\System32\WS2_32.dll
0x00007ffc39680000 - 0x00007ffc396a3000 	C:\WINDOWS\SYSTEM32\WINMM.dll
0x00007ffc39650000 - 0x00007ffc3967a000 	C:\WINDOWS\SYSTEM32\WINMMBASE.dll
0x00007ffc3cf00000 - 0x00007ffc3cf49000 	C:\WINDOWS\System32\cfgmgr32.dll
0x0000000066140000 - 0x000000006614f000 	C:\Program Files\Java\jdk1.7.0_80\jre\bin\verify.dll
0x0000000066110000 - 0x0000000066138000 	C:\Program Files\Java\jdk1.7.0_80\jre\bin\java.dll
0x00000000660f0000 - 0x0000000066106000 	C:\Program Files\Java\jdk1.7.0_80\jre\bin\zip.dll

VM Arguments:
jvm_args: -Dfile.encoding=UTF-8 
java_command: stack.Stack
Launcher Type: SUN_STANDARD

Environment Variables:
PATH=C:\ProgramData\Oracle\Java\javapath;C:\Program Files (x86)\Intel\iCLS Client\;C:\Program Files\Intel\iCLS Client\;C:\WINDOWS\system32;C:\WINDOWS;C:\WINDOWS\System32\Wbem;C:\WINDOWS\System32\WindowsPowerShell\v1.0\;C:\Program Files (x86)\MySQL\MySQL Server 5.5\bin;C:\Program Files (x86)\Intel\Intel(R) Management Engine Components\DAL;C:\Program Files\Intel\Intel(R) Management Engine Components\DAL;C:\Program Files (x86)\Intel\Intel(R) Management Engine Components\IPT;C:\Program Files\Intel\Intel(R) Management Engine Components\IPT;C:\WINDOWS\System32\OpenSSH\;C:\Users\GOD\AppData\Local\Microsoft\WindowsApps;
USERNAME=GOD
OS=Windows_NT
PROCESSOR_IDENTIFIER=Intel64 Family 6 Model 142 Stepping 10, GenuineIntel



---------------  S Y S T E M  ---------------

OS: Windows 8.1 , 64 bit Build 9600 

CPU:total 8 (4 cores per cpu, 2 threads per core) family 6 model 142 stepping 10, cmov, cx8, fxsr, mmx, sse, sse2, sse3, ssse3, sse4.1, sse4.2, popcnt, avx, avx2, aes, erms, ht, tsc, tscinvbit

Memory: 4k page, physical 4074284k(200708k free), swap 16657196k(5520k free)

vm_info: Java HotSpot(TM) 64-Bit Server VM (24.80-b11) for windows-amd64 JRE (1.7.0_80-b15), built on Apr 10 2015 11:26:34 by "java_re" with unknown MS VC++:1600

time: Mon Sep 23 22:31:52 2019
elapsed time: 0 seconds

